<?xml version="1.0" encoding="UTF-8"?>
<testsuite xmlns:xsi="http://www.w3.org/2001/XMLSchema-instance" xsi:noNamespaceSchemaLocation="https://maven.apache.org/surefire/maven-surefire-plugin/xsd/surefire-test-report.xsd" name="cn.com.stone.XtsjWebsiteApplicationTests" time="2.762" tests="1" errors="0" skipped="0" failures="0">
  <properties>
    <property name="sun.desktop" value="windows"/>
    <property name="awt.toolkit" value="sun.awt.windows.WToolkit"/>
    <property name="file.encoding.pkg" value="sun.io"/>
    <property name="java.specification.version" value="1.8"/>
    <property name="sun.cpu.isalist" value="amd64"/>
    <property name="sun.jnu.encoding" value="GBK"/>
    <property name="java.class.path" value="F:\eclipse_workspace\job-website\target\test-classes;F:\eclipse_workspace\job-website\target\classes;D:\mavenrep\org\springframework\boot\spring-boot-starter-web\2.0.6.RELEASE\spring-boot-starter-web-2.0.6.RELEASE.jar;D:\mavenrep\org\springframework\boot\spring-boot-starter\2.0.6.RELEASE\spring-boot-starter-2.0.6.RELEASE.jar;D:\mavenrep\org\springframework\boot\spring-boot\2.0.6.RELEASE\spring-boot-2.0.6.RELEASE.jar;D:\mavenrep\org\springframework\boot\spring-boot-autoconfigure\2.0.6.RELEASE\spring-boot-autoconfigure-2.0.6.RELEASE.jar;D:\mavenrep\org\springframework\boot\spring-boot-starter-logging\2.0.6.RELEASE\spring-boot-starter-logging-2.0.6.RELEASE.jar;D:\mavenrep\ch\qos\logback\logback-classic\1.2.3\logback-classic-1.2.3.jar;D:\mavenrep\ch\qos\logback\logback-core\1.2.3\logback-core-1.2.3.jar;D:\mavenrep\org\apache\logging\log4j\log4j-to-slf4j\2.10.0\log4j-to-slf4j-2.10.0.jar;D:\mavenrep\org\apache\logging\log4j\log4j-api\2.10.0\log4j-api-2.10.0.jar;D:\mavenrep\org\yaml\snakeyaml\1.19\snakeyaml-1.19.jar;D:\mavenrep\org\springframework\boot\spring-boot-starter-json\2.0.6.RELEASE\spring-boot-starter-json-2.0.6.RELEASE.jar;D:\mavenrep\com\fasterxml\jackson\core\jackson-databind\2.9.7\jackson-databind-2.9.7.jar;D:\mavenrep\com\fasterxml\jackson\core\jackson-annotations\2.9.0\jackson-annotations-2.9.0.jar;D:\mavenrep\com\fasterxml\jackson\core\jackson-core\2.9.7\jackson-core-2.9.7.jar;D:\mavenrep\com\fasterxml\jackson\datatype\jackson-datatype-jdk8\2.9.7\jackson-datatype-jdk8-2.9.7.jar;D:\mavenrep\com\fasterxml\jackson\datatype\jackson-datatype-jsr310\2.9.7\jackson-datatype-jsr310-2.9.7.jar;D:\mavenrep\com\fasterxml\jackson\module\jackson-module-parameter-names\2.9.7\jackson-module-parameter-names-2.9.7.jar;D:\mavenrep\org\hibernate\validator\hibernate-validator\6.0.13.Final\hibernate-validator-6.0.13.Final.jar;D:\mavenrep\javax\validation\validation-api\2.0.1.Final\validation-api-2.0.1.Final.jar;D:\mavenrep\org\jboss\logging\jboss-logging\3.3.2.Final\jboss-logging-3.3.2.Final.jar;D:\mavenrep\com\fasterxml\classmate\1.3.4\classmate-1.3.4.jar;D:\mavenrep\org\springframework\spring-web\5.0.10.RELEASE\spring-web-5.0.10.RELEASE.jar;D:\mavenrep\org\springframework\spring-beans\5.0.10.RELEASE\spring-beans-5.0.10.RELEASE.jar;D:\mavenrep\org\springframework\spring-webmvc\5.0.10.RELEASE\spring-webmvc-5.0.10.RELEASE.jar;D:\mavenrep\org\springframework\spring-aop\5.0.10.RELEASE\spring-aop-5.0.10.RELEASE.jar;D:\mavenrep\org\springframework\spring-context\5.0.10.RELEASE\spring-context-5.0.10.RELEASE.jar;D:\mavenrep\org\springframework\spring-expression\5.0.10.RELEASE\spring-expression-5.0.10.RELEASE.jar;D:\mavenrep\org\springframework\boot\spring-boot-starter-tomcat\2.0.6.RELEASE\spring-boot-starter-tomcat-2.0.6.RELEASE.jar;D:\mavenrep\javax\annotation\javax.annotation-api\1.3.2\javax.annotation-api-1.3.2.jar;D:\mavenrep\org\apache\tomcat\embed\tomcat-embed-core\8.5.34\tomcat-embed-core-8.5.34.jar;D:\mavenrep\org\apache\tomcat\embed\tomcat-embed-el\8.5.34\tomcat-embed-el-8.5.34.jar;D:\mavenrep\org\apache\tomcat\embed\tomcat-embed-websocket\8.5.34\tomcat-embed-websocket-8.5.34.jar;D:\mavenrep\org\springframework\boot\spring-boot-starter-test\2.0.6.RELEASE\spring-boot-starter-test-2.0.6.RELEASE.jar;D:\mavenrep\org\springframework\boot\spring-boot-test\2.0.6.RELEASE\spring-boot-test-2.0.6.RELEASE.jar;D:\mavenrep\org\springframework\boot\spring-boot-test-autoconfigure\2.0.6.RELEASE\spring-boot-test-autoconfigure-2.0.6.RELEASE.jar;D:\mavenrep\com\jayway\jsonpath\json-path\2.4.0\json-path-2.4.0.jar;D:\mavenrep\net\minidev\json-smart\2.3\json-smart-2.3.jar;D:\mavenrep\net\minidev\accessors-smart\1.2\accessors-smart-1.2.jar;D:\mavenrep\org\ow2\asm\asm\5.0.4\asm-5.0.4.jar;D:\mavenrep\org\slf4j\slf4j-api\1.7.25\slf4j-api-1.7.25.jar;D:\mavenrep\junit\junit\4.12\junit-4.12.jar;D:\mavenrep\org\assertj\assertj-core\3.9.1\assertj-core-3.9.1.jar;D:\mavenrep\org\mockito\mockito-core\2.15.0\mockito-core-2.15.0.jar;D:\mavenrep\net\bytebuddy\byte-buddy\1.7.11\byte-buddy-1.7.11.jar;D:\mavenrep\net\bytebuddy\byte-buddy-agent\1.7.11\byte-buddy-agent-1.7.11.jar;D:\mavenrep\org\objenesis\objenesis\2.6\objenesis-2.6.jar;D:\mavenrep\org\hamcrest\hamcrest-core\1.3\hamcrest-core-1.3.jar;D:\mavenrep\org\hamcrest\hamcrest-library\1.3\hamcrest-library-1.3.jar;D:\mavenrep\org\skyscreamer\jsonassert\1.5.0\jsonassert-1.5.0.jar;D:\mavenrep\com\vaadin\external\google\android-json\0.0.20131108.vaadin1\android-json-0.0.20131108.vaadin1.jar;D:\mavenrep\org\springframework\spring-core\5.0.10.RELEASE\spring-core-5.0.10.RELEASE.jar;D:\mavenrep\org\springframework\spring-jcl\5.0.10.RELEASE\spring-jcl-5.0.10.RELEASE.jar;D:\mavenrep\org\springframework\spring-test\5.0.10.RELEASE\spring-test-5.0.10.RELEASE.jar;D:\mavenrep\org\xmlunit\xmlunit-core\2.5.1\xmlunit-core-2.5.1.jar;D:\mavenrep\org\apache\httpcomponents\httpclient\4.3.4\httpclient-4.3.4.jar;D:\mavenrep\org\apache\httpcomponents\httpcore\4.4.10\httpcore-4.4.10.jar;D:\mavenrep\commons-codec\commons-codec\1.11\commons-codec-1.11.jar;D:\mavenrep\org\mybatis\spring\boot\mybatis-spring-boot-starter\1.3.1\mybatis-spring-boot-starter-1.3.1.jar;D:\mavenrep\org\springframework\boot\spring-boot-starter-jdbc\2.0.6.RELEASE\spring-boot-starter-jdbc-2.0.6.RELEASE.jar;D:\mavenrep\com\zaxxer\HikariCP\2.7.9\HikariCP-2.7.9.jar;D:\mavenrep\org\springframework\spring-jdbc\5.0.10.RELEASE\spring-jdbc-5.0.10.RELEASE.jar;D:\mavenrep\org\springframework\spring-tx\5.0.10.RELEASE\spring-tx-5.0.10.RELEASE.jar;D:\mavenrep\org\mybatis\spring\boot\mybatis-spring-boot-autoconfigure\1.3.1\mybatis-spring-boot-autoconfigure-1.3.1.jar;D:\mavenrep\org\mybatis\mybatis\3.4.5\mybatis-3.4.5.jar;D:\mavenrep\org\mybatis\mybatis-spring\1.3.1\mybatis-spring-1.3.1.jar;D:\mavenrep\mysql\mysql-connector-java\5.1.38\mysql-connector-java-5.1.38.jar;D:\mavenrep\org\springframework\boot\spring-boot-starter-websocket\2.0.6.RELEASE\spring-boot-starter-websocket-2.0.6.RELEASE.jar;D:\mavenrep\org\springframework\spring-messaging\5.0.10.RELEASE\spring-messaging-5.0.10.RELEASE.jar;D:\mavenrep\org\springframework\spring-websocket\5.0.10.RELEASE\spring-websocket-5.0.10.RELEASE.jar;D:\mavenrep\org\springframework\boot\spring-boot-starter-log4j\1.3.8.RELEASE\spring-boot-starter-log4j-1.3.8.RELEASE.jar;D:\mavenrep\org\slf4j\jcl-over-slf4j\1.7.25\jcl-over-slf4j-1.7.25.jar;D:\mavenrep\org\slf4j\jul-to-slf4j\1.7.25\jul-to-slf4j-1.7.25.jar;D:\mavenrep\org\slf4j\slf4j-log4j12\1.7.25\slf4j-log4j12-1.7.25.jar;D:\mavenrep\log4j\log4j\1.2.17\log4j-1.2.17.jar;D:\mavenrep\dom4j\dom4j\1.6.1\dom4j-1.6.1.jar;D:\mavenrep\xml-apis\xml-apis\1.4.01\xml-apis-1.4.01.jar;D:\mavenrep\org\jdom\jdom\1.1.3\jdom-1.1.3.jar;D:\mavenrep\com\alibaba\fastjson\1.2.47\fastjson-1.2.47.jar;D:\mavenrep\com\google\code\gson\gson\2.8.0\gson-2.8.0.jar;"/>
    <property name="java.vm.vendor" value="Oracle Corporation"/>
    <property name="sun.arch.data.model" value="64"/>
    <property name="user.variant" value=""/>
    <property name="java.vendor.url" value="http://java.oracle.com/"/>
    <property name="user.timezone" value=""/>
    <property name="java.vm.specification.version" value="1.8"/>
    <property name="os.name" value="Windows 7"/>
    <property name="user.country" value="CN"/>
    <property name="sun.java.launcher" value="SUN_STANDARD"/>
    <property name="sun.boot.library.path" value="C:\java\jre\bin"/>
    <property name="sun.java.command" value="C:\Users\ADMINI~1\AppData\Local\Temp\surefire2393646931433307180\surefirebooter2507616856105117148.jar C:\Users\Administrator\AppData\Local\Temp\surefire2393646931433307180 2019-01-08T12-39-49_696-jvmRun1 surefire8691787656972619985tmp surefire_0306517337737419311tmp"/>
    <property name="surefire.test.class.path" value="F:\eclipse_workspace\job-website\target\test-classes;F:\eclipse_workspace\job-website\target\classes;D:\mavenrep\org\springframework\boot\spring-boot-starter-web\2.0.6.RELEASE\spring-boot-starter-web-2.0.6.RELEASE.jar;D:\mavenrep\org\springframework\boot\spring-boot-starter\2.0.6.RELEASE\spring-boot-starter-2.0.6.RELEASE.jar;D:\mavenrep\org\springframework\boot\spring-boot\2.0.6.RELEASE\spring-boot-2.0.6.RELEASE.jar;D:\mavenrep\org\springframework\boot\spring-boot-autoconfigure\2.0.6.RELEASE\spring-boot-autoconfigure-2.0.6.RELEASE.jar;D:\mavenrep\org\springframework\boot\spring-boot-starter-logging\2.0.6.RELEASE\spring-boot-starter-logging-2.0.6.RELEASE.jar;D:\mavenrep\ch\qos\logback\logback-classic\1.2.3\logback-classic-1.2.3.jar;D:\mavenrep\ch\qos\logback\logback-core\1.2.3\logback-core-1.2.3.jar;D:\mavenrep\org\apache\logging\log4j\log4j-to-slf4j\2.10.0\log4j-to-slf4j-2.10.0.jar;D:\mavenrep\org\apache\logging\log4j\log4j-api\2.10.0\log4j-api-2.10.0.jar;D:\mavenrep\org\yaml\snakeyaml\1.19\snakeyaml-1.19.jar;D:\mavenrep\org\springframework\boot\spring-boot-starter-json\2.0.6.RELEASE\spring-boot-starter-json-2.0.6.RELEASE.jar;D:\mavenrep\com\fasterxml\jackson\core\jackson-databind\2.9.7\jackson-databind-2.9.7.jar;D:\mavenrep\com\fasterxml\jackson\core\jackson-annotations\2.9.0\jackson-annotations-2.9.0.jar;D:\mavenrep\com\fasterxml\jackson\core\jackson-core\2.9.7\jackson-core-2.9.7.jar;D:\mavenrep\com\fasterxml\jackson\datatype\jackson-datatype-jdk8\2.9.7\jackson-datatype-jdk8-2.9.7.jar;D:\mavenrep\com\fasterxml\jackson\datatype\jackson-datatype-jsr310\2.9.7\jackson-datatype-jsr310-2.9.7.jar;D:\mavenrep\com\fasterxml\jackson\module\jackson-module-parameter-names\2.9.7\jackson-module-parameter-names-2.9.7.jar;D:\mavenrep\org\hibernate\validator\hibernate-validator\6.0.13.Final\hibernate-validator-6.0.13.Final.jar;D:\mavenrep\javax\validation\validation-api\2.0.1.Final\validation-api-2.0.1.Final.jar;D:\mavenrep\org\jboss\logging\jboss-logging\3.3.2.Final\jboss-logging-3.3.2.Final.jar;D:\mavenrep\com\fasterxml\classmate\1.3.4\classmate-1.3.4.jar;D:\mavenrep\org\springframework\spring-web\5.0.10.RELEASE\spring-web-5.0.10.RELEASE.jar;D:\mavenrep\org\springframework\spring-beans\5.0.10.RELEASE\spring-beans-5.0.10.RELEASE.jar;D:\mavenrep\org\springframework\spring-webmvc\5.0.10.RELEASE\spring-webmvc-5.0.10.RELEASE.jar;D:\mavenrep\org\springframework\spring-aop\5.0.10.RELEASE\spring-aop-5.0.10.RELEASE.jar;D:\mavenrep\org\springframework\spring-context\5.0.10.RELEASE\spring-context-5.0.10.RELEASE.jar;D:\mavenrep\org\springframework\spring-expression\5.0.10.RELEASE\spring-expression-5.0.10.RELEASE.jar;D:\mavenrep\org\springframework\boot\spring-boot-starter-tomcat\2.0.6.RELEASE\spring-boot-starter-tomcat-2.0.6.RELEASE.jar;D:\mavenrep\javax\annotation\javax.annotation-api\1.3.2\javax.annotation-api-1.3.2.jar;D:\mavenrep\org\apache\tomcat\embed\tomcat-embed-core\8.5.34\tomcat-embed-core-8.5.34.jar;D:\mavenrep\org\apache\tomcat\embed\tomcat-embed-el\8.5.34\tomcat-embed-el-8.5.34.jar;D:\mavenrep\org\apache\tomcat\embed\tomcat-embed-websocket\8.5.34\tomcat-embed-websocket-8.5.34.jar;D:\mavenrep\org\springframework\boot\spring-boot-starter-test\2.0.6.RELEASE\spring-boot-starter-test-2.0.6.RELEASE.jar;D:\mavenrep\org\springframework\boot\spring-boot-test\2.0.6.RELEASE\spring-boot-test-2.0.6.RELEASE.jar;D:\mavenrep\org\springframework\boot\spring-boot-test-autoconfigure\2.0.6.RELEASE\spring-boot-test-autoconfigure-2.0.6.RELEASE.jar;D:\mavenrep\com\jayway\jsonpath\json-path\2.4.0\json-path-2.4.0.jar;D:\mavenrep\net\minidev\json-smart\2.3\json-smart-2.3.jar;D:\mavenrep\net\minidev\accessors-smart\1.2\accessors-smart-1.2.jar;D:\mavenrep\org\ow2\asm\asm\5.0.4\asm-5.0.4.jar;D:\mavenrep\org\slf4j\slf4j-api\1.7.25\slf4j-api-1.7.25.jar;D:\mavenrep\junit\junit\4.12\junit-4.12.jar;D:\mavenrep\org\assertj\assertj-core\3.9.1\assertj-core-3.9.1.jar;D:\mavenrep\org\mockito\mockito-core\2.15.0\mockito-core-2.15.0.jar;D:\mavenrep\net\bytebuddy\byte-buddy\1.7.11\byte-buddy-1.7.11.jar;D:\mavenrep\net\bytebuddy\byte-buddy-agent\1.7.11\byte-buddy-agent-1.7.11.jar;D:\mavenrep\org\objenesis\objenesis\2.6\objenesis-2.6.jar;D:\mavenrep\org\hamcrest\hamcrest-core\1.3\hamcrest-core-1.3.jar;D:\mavenrep\org\hamcrest\hamcrest-library\1.3\hamcrest-library-1.3.jar;D:\mavenrep\org\skyscreamer\jsonassert\1.5.0\jsonassert-1.5.0.jar;D:\mavenrep\com\vaadin\external\google\android-json\0.0.20131108.vaadin1\android-json-0.0.20131108.vaadin1.jar;D:\mavenrep\org\springframework\spring-core\5.0.10.RELEASE\spring-core-5.0.10.RELEASE.jar;D:\mavenrep\org\springframework\spring-jcl\5.0.10.RELEASE\spring-jcl-5.0.10.RELEASE.jar;D:\mavenrep\org\springframework\spring-test\5.0.10.RELEASE\spring-test-5.0.10.RELEASE.jar;D:\mavenrep\org\xmlunit\xmlunit-core\2.5.1\xmlunit-core-2.5.1.jar;D:\mavenrep\org\apache\httpcomponents\httpclient\4.3.4\httpclient-4.3.4.jar;D:\mavenrep\org\apache\httpcomponents\httpcore\4.4.10\httpcore-4.4.10.jar;D:\mavenrep\commons-codec\commons-codec\1.11\commons-codec-1.11.jar;D:\mavenrep\org\mybatis\spring\boot\mybatis-spring-boot-starter\1.3.1\mybatis-spring-boot-starter-1.3.1.jar;D:\mavenrep\org\springframework\boot\spring-boot-starter-jdbc\2.0.6.RELEASE\spring-boot-starter-jdbc-2.0.6.RELEASE.jar;D:\mavenrep\com\zaxxer\HikariCP\2.7.9\HikariCP-2.7.9.jar;D:\mavenrep\org\springframework\spring-jdbc\5.0.10.RELEASE\spring-jdbc-5.0.10.RELEASE.jar;D:\mavenrep\org\springframework\spring-tx\5.0.10.RELEASE\spring-tx-5.0.10.RELEASE.jar;D:\mavenrep\org\mybatis\spring\boot\mybatis-spring-boot-autoconfigure\1.3.1\mybatis-spring-boot-autoconfigure-1.3.1.jar;D:\mavenrep\org\mybatis\mybatis\3.4.5\mybatis-3.4.5.jar;D:\mavenrep\org\mybatis\mybatis-spring\1.3.1\mybatis-spring-1.3.1.jar;D:\mavenrep\mysql\mysql-connector-java\5.1.38\mysql-connector-java-5.1.38.jar;D:\mavenrep\org\springframework\boot\spring-boot-starter-websocket\2.0.6.RELEASE\spring-boot-starter-websocket-2.0.6.RELEASE.jar;D:\mavenrep\org\springframework\spring-messaging\5.0.10.RELEASE\spring-messaging-5.0.10.RELEASE.jar;D:\mavenrep\org\springframework\spring-websocket\5.0.10.RELEASE\spring-websocket-5.0.10.RELEASE.jar;D:\mavenrep\org\springframework\boot\spring-boot-starter-log4j\1.3.8.RELEASE\spring-boot-starter-log4j-1.3.8.RELEASE.jar;D:\mavenrep\org\slf4j\jcl-over-slf4j\1.7.25\jcl-over-slf4j-1.7.25.jar;D:\mavenrep\org\slf4j\jul-to-slf4j\1.7.25\jul-to-slf4j-1.7.25.jar;D:\mavenrep\org\slf4j\slf4j-log4j12\1.7.25\slf4j-log4j12-1.7.25.jar;D:\mavenrep\log4j\log4j\1.2.17\log4j-1.2.17.jar;D:\mavenrep\dom4j\dom4j\1.6.1\dom4j-1.6.1.jar;D:\mavenrep\xml-apis\xml-apis\1.4.01\xml-apis-1.4.01.jar;D:\mavenrep\org\jdom\jdom\1.1.3\jdom-1.1.3.jar;D:\mavenrep\com\alibaba\fastjson\1.2.47\fastjson-1.2.47.jar;D:\mavenrep\com\google\code\gson\gson\2.8.0\gson-2.8.0.jar;"/>
    <property name="sun.cpu.endian" value="little"/>
    <property name="user.home" value="C:\Users\Administrator"/>
    <property name="user.language" value="zh"/>
    <property name="java.specification.vendor" value="Oracle Corporation"/>
    <property name="java.home" value="C:\java\jre"/>
    <property name="basedir" value="F:\eclipse_workspace\job-website"/>
    <property name="file.separator" value="\"/>
    <property name="line.separator" value="&#10;"/>
    <property name="java.vm.specification.vendor" value="Oracle Corporation"/>
    <property name="java.specification.name" value="Java Platform API Specification"/>
    <property name="java.awt.graphicsenv" value="sun.awt.Win32GraphicsEnvironment"/>
    <property name="surefire.real.class.path" value="C:\Users\ADMINI~1\AppData\Local\Temp\surefire2393646931433307180\surefirebooter2507616856105117148.jar"/>
    <property name="sun.boot.class.path" value="C:\java\jre\lib\resources.jar;C:\java\jre\lib\rt.jar;C:\java\jre\lib\sunrsasign.jar;C:\java\jre\lib\jsse.jar;C:\java\jre\lib\jce.jar;C:\java\jre\lib\charsets.jar;C:\java\jre\lib\jfr.jar;C:\java\jre\classes"/>
    <property name="user.script" value=""/>
    <property name="sun.management.compiler" value="HotSpot 64-Bit Tiered Compilers"/>
    <property name="java.runtime.version" value="1.8.0_101-b13"/>
    <property name="user.name" value="Administrator"/>
    <property name="path.separator" value=";"/>
    <property name="os.version" value="6.1"/>
    <property name="java.endorsed.dirs" value="C:\java\jre\lib\endorsed"/>
    <property name="java.runtime.name" value="Java(TM) SE Runtime Environment"/>
    <property name="file.encoding" value="GBK"/>
    <property name="java.vm.name" value="Java HotSpot(TM) 64-Bit Server VM"/>
    <property name="localRepository" value="D:\mavenrep"/>
    <property name="java.vendor.url.bug" value="http://bugreport.sun.com/bugreport/"/>
    <property name="java.io.tmpdir" value="C:\Users\ADMINI~1\AppData\Local\Temp\"/>
    <property name="java.version" value="1.8.0_101"/>
    <property name="user.dir" value="F:\eclipse_workspace\job-website"/>
    <property name="os.arch" value="amd64"/>
    <property name="java.vm.specification.name" value="Java Virtual Machine Specification"/>
    <property name="java.awt.printerjob" value="sun.awt.windows.WPrinterJob"/>
    <property name="sun.os.patch.level" value="Service Pack 1"/>
    <property name="java.library.path" value="C:\java\jre\bin;C:\Windows\Sun\Java\bin;C:\Windows\system32;C:\Windows;C:/java/bin/../jre/bin/server;C:/java/bin/../jre/bin;C:/java/bin/../jre/lib/amd64;D:\maven\bin;C:\java\bin;C:\ProgramData\Oracle\Java\javapath;C:\Windows\system32;C:\Windows;C:\Windows\System32\Wbem;C:\Windows\System32\WindowsPowerShell\v1.0\;C:\Program Files\TortoiseGit\bin;C:\Program Files\TortoiseSVN\bin;C:\Program Files\nodejs\;C:\Users\Administrator\AppData\Roaming\npm;C:\Users\Administrator\AppData\Local\Programs\Microsoft VS Code\bin;D:\eclipse;;."/>
    <property name="java.vm.info" value="mixed mode"/>
    <property name="java.vendor" value="Oracle Corporation"/>
    <property name="java.vm.version" value="25.101-b13"/>
    <property name="java.ext.dirs" value="C:\java\jre\lib\ext;C:\Windows\Sun\Java\lib\ext"/>
    <property name="sun.io.unicode.encoding" value="UnicodeLittle"/>
    <property name="java.class.version" value="52.0"/>
  </properties>
  <testcase name="contextLoads" classname="cn.com.stone.XtsjWebsiteApplicationTests" time="0.063"/>
</testsuite>